[2024/8/1 9:25:44:165]-[INFO]: =========== Begin ===========
[2024/8/1 9:25:44:166]-[INFO]: 清除历史代码文件
[2024/8/1 9:25:45:906]-[INFO]: generate font config file:
[2024/8/1 9:25:45:907]-[INFO]: the numbers of font is: 1.
[2024/8/1 9:25:45:907]-[INFO]: generate font config done.
[2024/8/1 9:25:45:908]-[INFO]: 开始生成图片资源
[2024/8/1 9:25:45:959]-[INFO]: start copy img files
[2024/8/1 9:25:45:959]-[INFO]: img length:1
[2024/8/1 9:25:45:960]-[INFO]: end copy img files
[2024/8/1 9:25:45:961]-[INFO]: start cvt img files
[2024/8/1 9:25:46:167]-[INFO]: end cvt img files
[2024/8/1 9:25:46:167]-[INFO]: 开始生成代码
[2024/8/1 9:25:46:268]-[INFO]: start create code
[2024/8/1 9:25:46:288]-[INFO]: end create code
[2024/8/1 9:25:46:288]-[INFO]: start create gt_ui.c
[2024/8/1 9:25:46:290]-[INFO]: end create gt_ui.c
[2024/8/1 9:25:46:290]-[INFO]: start create gt_ui.h
[2024/8/1 9:25:46:291]-[INFO]: end create gt_ui.h
[2024/8/1 9:25:46:292]-[INFO]: start create gt_ui.mk
[2024/8/1 9:25:46:293]-[INFO]: end create gt_ui.mk
[2024/8/1 9:25:46:293]-[INFO]: start create gt_conf.h
[2024/8/1 9:25:46:294]-[INFO]: end create gt_conf.h
[2024/8/1 9:25:46:295]-[INFO]: start create code
[2024/8/1 9:25:46:297]-[INFO]: end create code
[2024/8/1 9:25:46:298]-[INFO]: start create gt_ui.c
[2024/8/1 9:25:46:299]-[INFO]: end create gt_ui.c
[2024/8/1 9:25:46:299]-[INFO]: start create gt_ui.h
[2024/8/1 9:25:46:300]-[INFO]: end create gt_ui.h
[2024/8/1 9:25:46:300]-[INFO]: 开始编译
[2024/8/1 9:25:47:826]-[INFO]: "Compiling ./Makefile/../drivers/display/monitor.c"
[2024/8/1 9:25:47:872]-[INFO]: "Compiling ./Makefile/../drivers/display/icon.c"
[2024/8/1 9:25:47:951]-[INFO]: "Compiling ./Makefile/../drivers/indev/keyboard.c"
[2024/8/1 9:25:48:135]-[INFO]: "Compiling ./Makefile/../drivers/indev/mouse.c"
[2024/8/1 9:25:48:197]-[INFO]: "Compiling ./Makefile/../drivers/indev/mousewheel.c"
[2024/8/1 9:25:48:263]-[INFO]: "Compiling ./Makefile/../drivers/indev/evdev.c"
[2024/8/1 9:25:48:316]-[INFO]: "Compiling ./Makefile/../drivers/indev/libinput.c"
[2024/8/1 9:25:48:389]-[INFO]: "Compiling ./Makefile/../drivers/win_drv.c"
[2024/8/1 9:25:48:455]-[INFO]: "Compiling ./Makefile/../../GT-HMI-Engine/driver/gt_port_disp.c"
[2024/8/1 9:25:48:514]-[INFO]: "Compiling ./Makefile/../../GT-HMI-Engine/driver/gt_port_indev.c"
[2024/8/1 9:25:48:568]-[INFO]: "Compiling ./Makefile/../../GT-HMI-Engine/driver/gt_port_src.c"
[2024/8/1 9:25:48:628]-[INFO]: "Compiling ./Makefile/../../GT-HMI-Engine/driver/gt_port_vf.c"
[2024/8/1 9:25:48:692]-[INFO]: "Compiling ./Makefile/../../GT-HMI-Engine/src/core/gt_draw.c"
[2024/8/1 9:25:48:751]-[INFO]: "Compiling ./Makefile/../../GT-HMI-Engine/src/core/gt_disp.c"
[2024/8/1 9:25:48:826]-[INFO]: "Compiling ./Makefile/../../GT-HMI-Engine/src/core/gt_event.c"
[2024/8/1 9:25:48:889]-[INFO]: "Compiling ./Makefile/../../GT-HMI-Engine/src/core/gt_fs.c"
[2024/8/1 9:25:48:961]-[INFO]: "Compiling ./Makefile/../../GT-HMI-Engine/src/core/gt_graph_base.c"
[2024/8/1 9:25:49:29]-[INFO]: "Compiling ./Makefile/../../GT-HMI-Engine/src/core/gt_handler.c"
[2024/8/1 9:25:49:103]-[INFO]: "Compiling ./Makefile/../../GT-HMI-Engine/src/core/gt_img_decoder.c"
[2024/8/1 9:25:49:179]-[INFO]: "Compiling ./Makefile/../../GT-HMI-Engine/src/core/gt_indev.c"
[2024/8/1 9:25:49:243]-[INFO]: "Compiling ./Makefile/../../GT-HMI-Engine/src/core/gt_layout.c"
[2024/8/1 9:25:49:301]-[INFO]: "Compiling ./Makefile/../../GT-HMI-Engine/src/core/gt_mem.c"
[2024/8/1 9:25:49:384]-[INFO]: "Compiling ./Makefile/../../GT-HMI-Engine/src/core/gt_obj_pos.c"
[2024/8/1 9:25:49:453]-[INFO]: "Compiling ./Makefile/../../GT-HMI-Engine/src/core/gt_obj_scroll.c"
[2024/8/1 9:25:49:514]-[INFO]: "Compiling ./Makefile/../../GT-HMI-Engine/src/core/gt_refr.c"
[2024/8/1 9:25:49:595]-[INFO]: "Compiling ./Makefile/../../GT-HMI-Engine/src/core/gt_scr_stack.c"
[2024/8/1 9:25:49:662]-[INFO]: "Compiling ./Makefile/../../GT-HMI-Engine/src/core/gt_style.c"
[2024/8/1 9:25:49:734]-[INFO]: "Compiling ./Makefile/../../GT-HMI-Engine/src/core/gt_timer.c"
[2024/8/1 9:25:49:812]-[INFO]: "Compiling ./Makefile/../../GT-HMI-Engine/src/extra/gt_extra.c"
[2024/8/1 9:25:49:877]-[INFO]: "Compiling ./Makefile/../../GT-HMI-Engine/src/font/gt_font.c"
[2024/8/1 9:25:49:939]-[INFO]: "Compiling ./Makefile/../../GT-HMI-Engine/src/font/gt_symbol.c"
[2024/8/1 9:25:50:3]-[INFO]: "Compiling ./Makefile/../../GT-HMI-Engine/src/hal/gt_hal_disp.c"
[2024/8/1 9:25:50:64]-[INFO]: "Compiling ./Makefile/../../GT-HMI-Engine/src/hal/gt_hal_file_header.c"
[2024/8/1 9:25:50:128]-[INFO]: "Compiling ./Makefile/../../GT-HMI-Engine/src/hal/gt_hal_fs.c"
[2024/8/1 9:25:50:194]-[INFO]: "Compiling ./Makefile/../../GT-HMI-Engine/src/hal/gt_hal_indev.c"
[2024/8/1 9:25:50:258]-[INFO]: "Compiling ./Makefile/../../GT-HMI-Engine/src/hal/gt_hal_src.c"
[2024/8/1 9:25:50:327]-[INFO]: "Compiling ./Makefile/../../GT-HMI-Engine/src/hal/gt_hal_tick.c"
[2024/8/1 9:25:50:389]-[INFO]: "Compiling ./Makefile/../../GT-HMI-Engine/src/hal/gt_hal_vf.c"
[2024/8/1 9:25:50:454]-[INFO]: "Compiling ./Makefile/../../GT-HMI-Engine/src/widgets/gt_barcode.c"
[2024/8/1 9:25:50:533]-[INFO]: "Compiling ./Makefile/../../GT-HMI-Engine/src/widgets/gt_btn.c"
[2024/8/1 9:25:50:596]-[INFO]: "Compiling ./Makefile/../../GT-HMI-Engine/src/widgets/gt_btnmap.c"
[2024/8/1 9:25:50:648]-[INFO]: "Compiling ./Makefile/../../GT-HMI-Engine/src/widgets/gt_chat.c"
[2024/8/1 9:25:50:722]-[INFO]: "Compiling ./Makefile/../../GT-HMI-Engine/src/widgets/gt_checkbox.c"
[2024/8/1 9:25:50:780]-[INFO]: "Compiling ./Makefile/../../GT-HMI-Engine/src/widgets/gt_clock.c"
[2024/8/1 9:25:50:855]-[INFO]: "Compiling ./Makefile/../../GT-HMI-Engine/src/widgets/gt_dialog.c"
[2024/8/1 9:25:50:919]-[INFO]: "Compiling ./Makefile/../../GT-HMI-Engine/src/widgets/gt_gif.c"
[2024/8/1 9:25:50:986]-[INFO]: "Compiling ./Makefile/../../GT-HMI-Engine/src/widgets/gt_group.c"
[2024/8/1 9:25:51:56]-[INFO]: "Compiling ./Makefile/../../GT-HMI-Engine/src/widgets/gt_img.c"
[2024/8/1 9:25:51:145]-[INFO]: "Compiling ./Makefile/../../GT-HMI-Engine/src/widgets/gt_imgbtn.c"
[2024/8/1 9:25:51:211]-[INFO]: "Compiling ./Makefile/../../GT-HMI-Engine/src/widgets/gt_input_number.c"
[2024/8/1 9:25:51:272]-[INFO]: "Compiling ./Makefile/../../GT-HMI-Engine/src/widgets/gt_input.c"
[2024/8/1 9:25:51:340]-[INFO]: "Compiling ./Makefile/../../GT-HMI-Engine/src/widgets/gt_keypad.c"
[2024/8/1 9:25:51:410]-[INFO]: "Compiling ./Makefile/../../GT-HMI-Engine/src/widgets/gt_label.c"
[2024/8/1 9:25:51:475]-[INFO]: "Compiling ./Makefile/../../GT-HMI-Engine/src/widgets/gt_line.c"
[2024/8/1 9:25:51:549]-[INFO]: "Compiling ./Makefile/../../GT-HMI-Engine/src/widgets/gt_listview.c"
[2024/8/1 9:25:51:606]-[INFO]: "Compiling ./Makefile/../../GT-HMI-Engine/src/widgets/gt_obj_class.c"
[2024/8/1 9:25:51:691]-[INFO]: "Compiling ./Makefile/../../GT-HMI-Engine/src/widgets/gt_obj.c"
[2024/8/1 9:25:51:759]-[INFO]: "Compiling ./Makefile/../../GT-HMI-Engine/src/widgets/gt_option.c"
[2024/8/1 9:25:51:826]-[INFO]: "Compiling ./Makefile/../../GT-HMI-Engine/src/widgets/gt_player.c"
[2024/8/1 9:25:51:891]-[INFO]: "Compiling ./Makefile/../../GT-HMI-Engine/src/widgets/gt_progress_bar.c"
[2024/8/1 9:25:51:959]-[INFO]: "Compiling ./Makefile/../../GT-HMI-Engine/src/widgets/gt_qrcode.c"
[2024/8/1 9:25:52:26]-[INFO]: "Compiling ./Makefile/../../GT-HMI-Engine/src/widgets/gt_radio.c"
[2024/8/1 9:25:52:102]-[INFO]: "Compiling ./Makefile/../../GT-HMI-Engine/src/widgets/gt_rect.c"
[2024/8/1 9:25:52:172]-[INFO]: "Compiling ./Makefile/../../GT-HMI-Engine/src/widgets/gt_roller.c"
[2024/8/1 9:25:52:248]-[INFO]: "Compiling ./Makefile/../../GT-HMI-Engine/src/widgets/gt_slider.c"
[2024/8/1 9:25:52:312]-[INFO]: "Compiling ./Makefile/../../GT-HMI-Engine/src/widgets/gt_status_bar.c"
[2024/8/1 9:25:52:373]-[INFO]: "Compiling ./Makefile/../../GT-HMI-Engine/src/widgets/gt_switch.c"
[2024/8/1 9:25:52:441]-[INFO]: "Compiling ./Makefile/../../GT-HMI-Engine/src/widgets/gt_template.c"
[2024/8/1 9:25:52:509]-[INFO]: "Compiling ./Makefile/../../GT-HMI-Engine/src/widgets/gt_textarea.c"
[2024/8/1 9:25:52:572]-[INFO]: "Compiling ./Makefile/../../GT-HMI-Engine/src/widgets/gt_wordart.c"
[2024/8/1 9:25:52:653]-[INFO]: "Compiling ./Makefile/../../GT-HMI-Engine/src/widgets/gt_view_pager.c"
[2024/8/1 9:25:52:718]-[INFO]: "Compiling ./Makefile/../../GT-HMI-Engine/src/others/gt_anim.c"
[2024/8/1 9:25:52:783]-[INFO]: "Compiling ./Makefile/../../GT-HMI-Engine/src/others/gt_area.c"
[2024/8/1 9:25:52:853]-[INFO]: "Compiling ./Makefile/../../GT-HMI-Engine/src/others/gt_color.c"
[2024/8/1 9:25:52:913]-[INFO]: "Compiling ./Makefile/../../GT-HMI-Engine/src/others/gt_effects.c"
[2024/8/1 9:25:52:978]-[INFO]: "Compiling ./Makefile/../../GT-HMI-Engine/src/others/gt_gc.c"
[2024/8/1 9:25:53:42]-[INFO]: "Compiling ./Makefile/../../GT-HMI-Engine/src/others/gt_ll.c"
[2024/8/1 9:25:53:107]-[INFO]: "Compiling ./Makefile/../../GT-HMI-Engine/src/others/gt_math.c"
[2024/8/1 9:25:53:166]-[INFO]: "Compiling ./Makefile/../../GT-HMI-Engine/src/others/gt_tlsf.c"
[2024/8/1 9:25:53:219]-[INFO]: "Compiling ./Makefile/../../GT-HMI-Engine/src/others/gt_txt.c"
[2024/8/1 9:25:53:275]-[INFO]: "Compiling ./Makefile/../../GT-HMI-Engine/src/utils/gt_stack.c"
[2024/8/1 9:25:53:337]-[INFO]: "Compiling ./Makefile/../../GT-HMI-Engine/src/utils/gt_vector.c"
[2024/8/1 9:25:53:396]-[INFO]: "Compiling ./Makefile/../../GT-HMI-Engine/src/extra/draw/gt_draw_blend_with_argb888.c"
[2024/8/1 9:25:53:460]-[INFO]: "Compiling ./Makefile/../../GT-HMI-Engine/src/extra/draw/gt_draw_blend_with_rgb565.c"
[2024/8/1 9:25:53:526]-[INFO]: "Compiling ./Makefile/../../GT-HMI-Engine/src/extra/draw/gt_draw_blend_with_rgb888.c"
[2024/8/1 9:25:53:581]-[INFO]: "Compiling ./Makefile/../../GT-HMI-Engine/src/extra/draw/gt_draw_blend.c"
[2024/8/1 9:25:53:644]-[INFO]: "Compiling ./Makefile/../../GT-HMI-Engine/src/extra/png/gt_png.c"
[2024/8/1 9:25:53:710]-[INFO]: "Compiling ./Makefile/../../GT-HMI-Engine/src/extra/png/lodepng.c"
[2024/8/1 9:25:53:779]-[INFO]: "Compiling ./Makefile/../../GT-HMI-Engine/src/extra/jpeg/gt_sjpg.c"
[2024/8/1 9:25:53:846]-[INFO]: "Compiling ./Makefile/../../GT-HMI-Engine/src/extra/jpeg/tjpgd.c"
[2024/8/1 9:25:53:910]-[INFO]: "Compiling ./Makefile/../../GT-HMI-Engine/src/extra/gif/gifdec.c"
[2024/8/1 9:25:53:978]-[INFO]: "Compiling ./Makefile/../../app/ui/gt_ui.c"
[2024/8/1 9:25:54:37]-[INFO]: "Compiling ./Makefile/../../app/ui/gt_init_screen_home.c"
[2024/8/1 9:25:54:99]-[INFO]: "Compiling ./Makefile/../../app/imgs/gt_src.c"
[2024/8/1 9:25:54:164]-[INFO]: "Compiling ./Makefile/../main.c"
[2024/8/1 9:25:55:703]-[INFO]: "Linking app.exe"
[2024/8/1 9:25:56:86]-[INFO]: 编译完成, 正在启动中...
[2024/8/1 9:25:56:738]-[INFO]: 开始运行
[2024/8/1 9:25:56:792]-[INFO]: Total size of binary data: 0 bytes
[2024/8/1 9:25:56:795]-[INFO]: Begin to compound the font and source bin file.
[2024/8/1 9:25:56:795]-[INFO]: Begin to export the font bin.
[2024/8/1 9:25:57:80]-[INFO]: Begin to create lib source file...
[2024/8/1 9:25:57:654]-[INFO]: Begin to export the whole resource bin file.
[2024/8/1 9:25:57:655]-[INFO]: Begin to export images driver code.
[2024/8/1 9:25:57:656]-[INFO]: Begin to build the font library.
[2024/8/1 9:25:57:725]-[INFO]: Begin to exec keil5 cmd to build lib file...
[2024/8/1 9:25:57:821]-[INFO]: Fatal error: C3900U: Unrecognized option '-b'.Warning: C3910W: Old syntax, please use '-J'.
[2024/8/1 9:25:57:826]-[INFO]: undefined
[2024/8/1 9:56:12:292]-[INFO]: =========== Begin ===========
[2024/8/1 9:56:12:293]-[INFO]: 清除历史代码文件
[2024/8/1 9:56:14:997]-[INFO]: generate font config file:
[2024/8/1 9:56:14:998]-[INFO]: the numbers of font is: 1.
[2024/8/1 9:56:14:998]-[INFO]: generate font config done.
[2024/8/1 9:56:14:999]-[INFO]: 开始生成图片资源
[2024/8/1 9:56:15:120]-[INFO]: start copy img files
[2024/8/1 9:56:15:120]-[INFO]: img length:1
[2024/8/1 9:56:15:121]-[INFO]: end copy img files
[2024/8/1 9:56:15:121]-[INFO]: start cvt img files
[2024/8/1 9:56:15:337]-[INFO]: end cvt img files
[2024/8/1 9:56:15:338]-[INFO]: 开始生成代码
[2024/8/1 9:56:15:451]-[INFO]: start create code
[2024/8/1 9:56:15:457]-[INFO]: end create code
[2024/8/1 9:56:15:457]-[INFO]: start create gt_ui.c
[2024/8/1 9:56:15:458]-[INFO]: end create gt_ui.c
[2024/8/1 9:56:15:458]-[INFO]: start create gt_ui.h
[2024/8/1 9:56:15:460]-[INFO]: end create gt_ui.h
[2024/8/1 9:56:15:460]-[INFO]: start create gt_ui.mk
[2024/8/1 9:56:15:461]-[INFO]: end create gt_ui.mk
[2024/8/1 9:56:15:461]-[INFO]: start create gt_conf.h
[2024/8/1 9:56:15:463]-[INFO]: end create gt_conf.h
[2024/8/1 9:56:15:463]-[INFO]: start create code
[2024/8/1 9:56:15:466]-[INFO]: end create code
[2024/8/1 9:56:15:466]-[INFO]: start create gt_ui.c
[2024/8/1 9:56:15:467]-[INFO]: end create gt_ui.c
[2024/8/1 9:56:15:467]-[INFO]: start create gt_ui.h
[2024/8/1 9:56:15:469]-[INFO]: end create gt_ui.h
[2024/8/1 9:56:15:469]-[INFO]: 开始编译
[2024/8/1 9:56:16:866]-[INFO]: "Compiling ./Makefile/../drivers/display/monitor.c"
[2024/8/1 9:56:16:965]-[INFO]: "Compiling ./Makefile/../drivers/display/icon.c"
[2024/8/1 9:56:17:30]-[INFO]: "Compiling ./Makefile/../drivers/indev/keyboard.c"
[2024/8/1 9:56:17:107]-[INFO]: "Compiling ./Makefile/../drivers/indev/mouse.c"
[2024/8/1 9:56:17:171]-[INFO]: "Compiling ./Makefile/../drivers/indev/mousewheel.c"
[2024/8/1 9:56:17:229]-[INFO]: "Compiling ./Makefile/../drivers/indev/evdev.c"
[2024/8/1 9:56:17:291]-[INFO]: "Compiling ./Makefile/../drivers/indev/libinput.c"
[2024/8/1 9:56:17:360]-[INFO]: "Compiling ./Makefile/../drivers/win_drv.c"
[2024/8/1 9:56:17:417]-[INFO]: "Compiling ./Makefile/../../GT-HMI-Engine/driver/gt_port_disp.c"
[2024/8/1 9:56:17:476]-[INFO]: "Compiling ./Makefile/../../GT-HMI-Engine/driver/gt_port_indev.c"
[2024/8/1 9:56:17:538]-[INFO]: "Compiling ./Makefile/../../GT-HMI-Engine/driver/gt_port_src.c"
[2024/8/1 9:56:17:601]-[INFO]: "Compiling ./Makefile/../../GT-HMI-Engine/driver/gt_port_vf.c"
[2024/8/1 9:56:17:676]-[INFO]: "Compiling ./Makefile/../../GT-HMI-Engine/src/core/gt_draw.c"
[2024/8/1 9:56:17:741]-[INFO]: "Compiling ./Makefile/../../GT-HMI-Engine/src/core/gt_disp.c"
[2024/8/1 9:56:17:925]-[INFO]: "Compiling ./Makefile/../../GT-HMI-Engine/src/core/gt_event.c"
[2024/8/1 9:56:17:988]-[INFO]: "Compiling ./Makefile/../../GT-HMI-Engine/src/core/gt_fs.c"
[2024/8/1 9:56:18:58]-[INFO]: "Compiling ./Makefile/../../GT-HMI-Engine/src/core/gt_graph_base.c"
[2024/8/1 9:56:18:126]-[INFO]: "Compiling ./Makefile/../../GT-HMI-Engine/src/core/gt_handler.c"
[2024/8/1 9:56:18:196]-[INFO]: "Compiling ./Makefile/../../GT-HMI-Engine/src/core/gt_img_decoder.c"
[2024/8/1 9:56:18:262]-[INFO]: "Compiling ./Makefile/../../GT-HMI-Engine/src/core/gt_indev.c"
[2024/8/1 9:56:18:317]-[INFO]: "Compiling ./Makefile/../../GT-HMI-Engine/src/core/gt_layout.c"
[2024/8/1 9:56:18:392]-[INFO]: "Compiling ./Makefile/../../GT-HMI-Engine/src/core/gt_mem.c"
[2024/8/1 9:56:18:463]-[INFO]: "Compiling ./Makefile/../../GT-HMI-Engine/src/core/gt_obj_pos.c"
[2024/8/1 9:56:18:532]-[INFO]: "Compiling ./Makefile/../../GT-HMI-Engine/src/core/gt_obj_scroll.c"
[2024/8/1 9:56:18:608]-[INFO]: "Compiling ./Makefile/../../GT-HMI-Engine/src/core/gt_refr.c"
[2024/8/1 9:56:18:675]-[INFO]: "Compiling ./Makefile/../../GT-HMI-Engine/src/core/gt_scr_stack.c"
[2024/8/1 9:56:18:745]-[INFO]: "Compiling ./Makefile/../../GT-HMI-Engine/src/core/gt_style.c"
[2024/8/1 9:56:18:806]-[INFO]: "Compiling ./Makefile/../../GT-HMI-Engine/src/core/gt_timer.c"
[2024/8/1 9:56:18:872]-[INFO]: "Compiling ./Makefile/../../GT-HMI-Engine/src/extra/gt_extra.c"
[2024/8/1 9:56:18:939]-[INFO]: "Compiling ./Makefile/../../GT-HMI-Engine/src/font/gt_font.c"
[2024/8/1 9:56:19:7]-[INFO]: "Compiling ./Makefile/../../GT-HMI-Engine/src/font/gt_symbol.c"
[2024/8/1 9:56:19:72]-[INFO]: "Compiling ./Makefile/../../GT-HMI-Engine/src/hal/gt_hal_disp.c"
[2024/8/1 9:56:19:142]-[INFO]: "Compiling ./Makefile/../../GT-HMI-Engine/src/hal/gt_hal_file_header.c"
[2024/8/1 9:56:19:221]-[INFO]: "Compiling ./Makefile/../../GT-HMI-Engine/src/hal/gt_hal_fs.c"
[2024/8/1 9:56:19:296]-[INFO]: "Compiling ./Makefile/../../GT-HMI-Engine/src/hal/gt_hal_indev.c"
[2024/8/1 9:56:19:372]-[INFO]: "Compiling ./Makefile/../../GT-HMI-Engine/src/hal/gt_hal_src.c"
[2024/8/1 9:56:19:443]-[INFO]: "Compiling ./Makefile/../../GT-HMI-Engine/src/hal/gt_hal_tick.c"
[2024/8/1 9:56:19:536]-[INFO]: "Compiling ./Makefile/../../GT-HMI-Engine/src/hal/gt_hal_vf.c"
[2024/8/1 9:56:19:601]-[INFO]: "Compiling ./Makefile/../../GT-HMI-Engine/src/widgets/gt_barcode.c"
[2024/8/1 9:56:19:685]-[INFO]: "Compiling ./Makefile/../../GT-HMI-Engine/src/widgets/gt_btn.c"
[2024/8/1 9:56:19:747]-[INFO]: "Compiling ./Makefile/../../GT-HMI-Engine/src/widgets/gt_btnmap.c"
[2024/8/1 9:56:19:811]-[INFO]: "Compiling ./Makefile/../../GT-HMI-Engine/src/widgets/gt_chat.c"
[2024/8/1 9:56:19:874]-[INFO]: "Compiling ./Makefile/../../GT-HMI-Engine/src/widgets/gt_checkbox.c"
[2024/8/1 9:56:19:943]-[INFO]: "Compiling ./Makefile/../../GT-HMI-Engine/src/widgets/gt_clock.c"
[2024/8/1 9:56:20:11]-[INFO]: "Compiling ./Makefile/../../GT-HMI-Engine/src/widgets/gt_dialog.c"
[2024/8/1 9:56:20:81]-[INFO]: "Compiling ./Makefile/../../GT-HMI-Engine/src/widgets/gt_gif.c"
[2024/8/1 9:56:20:153]-[INFO]: "Compiling ./Makefile/../../GT-HMI-Engine/src/widgets/gt_group.c"
[2024/8/1 9:56:20:219]-[INFO]: "Compiling ./Makefile/../../GT-HMI-Engine/src/widgets/gt_img.c"
[2024/8/1 9:56:20:287]-[INFO]: "Compiling ./Makefile/../../GT-HMI-Engine/src/widgets/gt_imgbtn.c"
[2024/8/1 9:56:20:372]-[INFO]: "Compiling ./Makefile/../../GT-HMI-Engine/src/widgets/gt_input_number.c"
[2024/8/1 9:56:20:441]-[INFO]: "Compiling ./Makefile/../../GT-HMI-Engine/src/widgets/gt_input.c"
[2024/8/1 9:56:20:508]-[INFO]: "Compiling ./Makefile/../../GT-HMI-Engine/src/widgets/gt_keypad.c"
[2024/8/1 9:56:20:576]-[INFO]: "Compiling ./Makefile/../../GT-HMI-Engine/src/widgets/gt_label.c"
[2024/8/1 9:56:20:641]-[INFO]: "Compiling ./Makefile/../../GT-HMI-Engine/src/widgets/gt_line.c"
[2024/8/1 9:56:20:709]-[INFO]: "Compiling ./Makefile/../../GT-HMI-Engine/src/widgets/gt_listview.c"
[2024/8/1 9:56:20:774]-[INFO]: "Compiling ./Makefile/../../GT-HMI-Engine/src/widgets/gt_obj_class.c"
[2024/8/1 9:56:20:844]-[INFO]: "Compiling ./Makefile/../../GT-HMI-Engine/src/widgets/gt_obj.c"
[2024/8/1 9:56:20:905]-[INFO]: "Compiling ./Makefile/../../GT-HMI-Engine/src/widgets/gt_option.c"
[2024/8/1 9:56:20:972]-[INFO]: "Compiling ./Makefile/../../GT-HMI-Engine/src/widgets/gt_player.c"
[2024/8/1 9:56:21:34]-[INFO]: "Compiling ./Makefile/../../GT-HMI-Engine/src/widgets/gt_progress_bar.c"
[2024/8/1 9:56:21:105]-[INFO]: "Compiling ./Makefile/../../GT-HMI-Engine/src/widgets/gt_qrcode.c"
[2024/8/1 9:56:21:171]-[INFO]: "Compiling ./Makefile/../../GT-HMI-Engine/src/widgets/gt_radio.c"
[2024/8/1 9:56:21:322]-[INFO]: "Compiling ./Makefile/../../GT-HMI-Engine/src/widgets/gt_rect.c"
[2024/8/1 9:56:21:392]-[INFO]: "Compiling ./Makefile/../../GT-HMI-Engine/src/widgets/gt_roller.c"
[2024/8/1 9:56:21:461]-[INFO]: "Compiling ./Makefile/../../GT-HMI-Engine/src/widgets/gt_slider.c"
[2024/8/1 9:56:21:533]-[INFO]: "Compiling ./Makefile/../../GT-HMI-Engine/src/widgets/gt_status_bar.c"
[2024/8/1 9:56:21:614]-[INFO]: "Compiling ./Makefile/../../GT-HMI-Engine/src/widgets/gt_switch.c"
[2024/8/1 9:56:21:688]-[INFO]: "Compiling ./Makefile/../../GT-HMI-Engine/src/widgets/gt_template.c"
[2024/8/1 9:56:21:744]-[INFO]: "Compiling ./Makefile/../../GT-HMI-Engine/src/widgets/gt_textarea.c"
[2024/8/1 9:56:21:830]-[INFO]: "Compiling ./Makefile/../../GT-HMI-Engine/src/widgets/gt_wordart.c"
[2024/8/1 9:56:21:900]-[INFO]: "Compiling ./Makefile/../../GT-HMI-Engine/src/widgets/gt_view_pager.c"
[2024/8/1 9:56:21:965]-[INFO]: "Compiling ./Makefile/../../GT-HMI-Engine/src/others/gt_anim.c"
[2024/8/1 9:56:22:37]-[INFO]: "Compiling ./Makefile/../../GT-HMI-Engine/src/others/gt_area.c"
[2024/8/1 9:56:22:106]-[INFO]: "Compiling ./Makefile/../../GT-HMI-Engine/src/others/gt_color.c"
[2024/8/1 9:56:22:173]-[INFO]: "Compiling ./Makefile/../../GT-HMI-Engine/src/others/gt_effects.c"
[2024/8/1 9:56:22:248]-[INFO]: "Compiling ./Makefile/../../GT-HMI-Engine/src/others/gt_gc.c"
[2024/8/1 9:56:22:319]-[INFO]: "Compiling ./Makefile/../../GT-HMI-Engine/src/others/gt_ll.c"
[2024/8/1 9:56:22:377]-[INFO]: "Compiling ./Makefile/../../GT-HMI-Engine/src/others/gt_math.c"
[2024/8/1 9:56:22:445]-[INFO]: "Compiling ./Makefile/../../GT-HMI-Engine/src/others/gt_tlsf.c"
[2024/8/1 9:56:22:510]-[INFO]: "Compiling ./Makefile/../../GT-HMI-Engine/src/others/gt_txt.c"
[2024/8/1 9:56:22:570]-[INFO]: "Compiling ./Makefile/../../GT-HMI-Engine/src/utils/gt_stack.c"
[2024/8/1 9:56:22:634]-[INFO]: "Compiling ./Makefile/../../GT-HMI-Engine/src/utils/gt_vector.c"
[2024/8/1 9:56:22:704]-[INFO]: "Compiling ./Makefile/../../GT-HMI-Engine/src/extra/draw/gt_draw_blend_with_argb888.c"
[2024/8/1 9:56:22:774]-[INFO]: "Compiling ./Makefile/../../GT-HMI-Engine/src/extra/draw/gt_draw_blend_with_rgb565.c"
[2024/8/1 9:56:22:841]-[INFO]: "Compiling ./Makefile/../../GT-HMI-Engine/src/extra/draw/gt_draw_blend_with_rgb888.c"
[2024/8/1 9:56:22:905]-[INFO]: "Compiling ./Makefile/../../GT-HMI-Engine/src/extra/draw/gt_draw_blend.c"
[2024/8/1 9:56:22:969]-[INFO]: "Compiling ./Makefile/../../GT-HMI-Engine/src/extra/png/gt_png.c"
[2024/8/1 9:56:23:37]-[INFO]: "Compiling ./Makefile/../../GT-HMI-Engine/src/extra/png/lodepng.c"
[2024/8/1 9:56:23:104]-[INFO]: "Compiling ./Makefile/../../GT-HMI-Engine/src/extra/jpeg/gt_sjpg.c"
[2024/8/1 9:56:23:173]-[INFO]: "Compiling ./Makefile/../../GT-HMI-Engine/src/extra/jpeg/tjpgd.c"
[2024/8/1 9:56:23:242]-[INFO]: "Compiling ./Makefile/../../GT-HMI-Engine/src/extra/gif/gifdec.c"
[2024/8/1 9:56:23:314]-[INFO]: "Compiling ./Makefile/../../app/ui/gt_ui.c"
[2024/8/1 9:56:23:384]-[INFO]: "Compiling ./Makefile/../../app/ui/gt_init_screen_home.c"
[2024/8/1 9:56:23:454]-[INFO]: "Compiling ./Makefile/../../app/imgs/gt_src.c"
[2024/8/1 9:56:23:529]-[INFO]: "Compiling ./Makefile/../main.c"
[2024/8/1 9:56:24:867]-[INFO]: "Linking app.exe"
[2024/8/1 9:56:25:242]-[INFO]: 编译完成, 正在启动中...
[2024/8/1 9:56:25:907]-[INFO]: 开始运行
[2024/8/1 9:56:25:949]-[INFO]: Total size of binary data: 0 bytes
[2024/8/1 9:56:25:951]-[INFO]: Begin to compound the font and source bin file.
[2024/8/1 9:56:25:951]-[INFO]: Begin to export the font bin.
[2024/8/1 9:56:26:229]-[INFO]: Begin to create lib source file...
[2024/8/1 9:56:26:643]-[INFO]: Begin to export the whole resource bin file.
[2024/8/1 9:56:26:645]-[INFO]: Begin to export images driver code.
[2024/8/1 9:56:26:647]-[INFO]: Begin to build the font library.
[2024/8/1 9:56:26:721]-[INFO]: Begin to exec keil5 cmd to build lib file...
[2024/8/1 9:56:26:809]-[INFO]: Fatal error: C3900U: Unrecognized option '-b'.Warning: C3910W: Old syntax, please use '-J'.
[2024/8/1 9:56:26:836]-[INFO]: undefined
